INFO:  latexindent.exe version 3.18, 2022-06-12, a script to indent .tex files
       latexindent.exe lives here: C:/texlive/2022/bin/win32/
       Tue Mar 14 18:00:36 2023
       Filename: c:/Users/daniz/TFG/Memoria/capitulos/__latexindent_temp_capitulo02.tex
INFO:  Processing switches:
       -y|--yaml: YAML settings specified via command line
       -c|--cruft: cruft directory
INFO:  Directory for backup files and c:/Users/daniz/TFG/Memoria//indent.log:
       c:/Users/daniz/TFG/Memoria/
INFO:  YAML settings read: defaultSettings.yaml
       Reading defaultSettings.yaml from C:/texlive/2022/bin/win32/defaultSettings.yaml
       Reading defaultSettings.yaml (2nd attempt) from C:/texlive/2022/bin/win32/../../texmf-dist/scripts/latexindent/defaultSettings.yaml
       and then, if necessary, C:/texlive/2022/bin/win32/LatexIndent/defaultSettings.yaml
INFO:  YAML settings read: indentconfig.yaml or .indentconfig.yaml
       Home directory is C:\Users\daniz (didn't find either indentconfig.yaml or .indentconfig.yaml)
       To specify user settings you would put indentconfig.yaml here: C:\Users\daniz/indentconfig.yaml
       Alternatively, you can use the hidden file .indentconfig.yaml as: C:\Users\daniz/.indentconfig.yaml
INFO:  YAML settings read: -y switch
       YAML setting: defaultIndent:'    '
       single-quoted string found in -y switch: '    ', substitute to     
       Updating mainSettings with defaultIndent:     
FATAL I couldn't find c:/Users/daniz/TFG/Memoria/capitulos/__latexindent_temp_capitulo02.tex, are you sure it exists?
      Exiting, no indendation done.
       --------------
INFO:  Please direct all communication/issues to:
        https://github.com/cmhughes/latexindent.pl
